#===============================================================================
# The PDBbind core set v.2013, latest update: Nov 2013
# 195 complexes in 65 clusters, sorted into clusters
# PDB code, release year, UniProt ID, protein name
#===============================================================================
1ps3  2003  Q24451   ALPHA-MANNOSIDASE II
3d4z  2008  Q24451   ALPHA-MANNOSIDASE II
3ejr  2009  Q24451   ALPHA-MANNOSIDASE II 
2qmj  2008  O43451   MALTASE-GLUCOAMYLASE
3l4w  2010  O43451   MALTASE-GLUCOAMYLASE
3l4u  2010  O43451   MALTASE-GLUCOAMYLASE
3l7b  2010  P00489   GLYCOGEN PHOSPHORYLASE, MUSCLE FORM
3g2n  2010  P00489   GLYCOGEN PHOSPHORYLASE, MUSCLE FORM
3ebp  2009  P00489   GLYCOGEN PHOSPHORYLASE, MUSCLE FORM
2w66  2009  Q89ZI2   O-GLCNACASE BT_4395
2wca  2009  Q89ZI2   O-GLCNACASE BT_4395
2vvn  2008  Q89ZI2   O-GLCNACASE BT_4395
2x97  2010  Q10714   ANGIOTENSIN-CONVERTING ENZYME
2xhm  2010  Q10714   ANGIOTENSIN-CONVERTING ENZYME
2x8z  2010  Q10714   ANGIOTENSIN-CONVERTING ENZYME
2x0y  2010  Q0TR53   O-GLCNACASE NAGJ 
2cbj  2006  Q0TR53   O-GLCNACASE NAGJ 
2j62  2007  Q0TR53   O-GLCNACASE NAGJ 
3bkk  2008  P12821   ANGIOTENSIN-CONVERTING ENZYME
3l3n  2010  P12821   ANGIOTENSIN-CONVERTING ENZYME
2xy9  2011  P12821   ANGIOTENSIN-CONVERTING ENZYME
1gpk  2002  P04058   ACETYLCHOLINESTERASE
1h23  2002  P04058   ACETYLCHOLINESTERASE
1e66  2001  P04058   ACETYLCHOLINESTERASE
3cj2  2008  P26663   RNA-DEPENDENT RNA POLYMERASE
2d3u  2006  Q99AU2   RNA-DEPENDENT RNA POLYMERASE 
3gnw  2009  O92972   RNA-DEPENDENT RNA POLYMERASE
3f3a  2008  O67854   TRANSPORTER
3f3c  2008  O67854   TRANSPORTER
3f3e  2008  O67854   TRANSPORTER
4gqq  2012  P04746   ALPHA-AMYLASE
1u33  2004  P04746   ALPHA-AMYLASE
1xd0  2004  P04746   ALPHA-AMYLASE
2wbg  2009  Q08638   BETA-GLUCOSIDASE A
2j78  2006  Q08638   BETA-GLUCOSIDASE A
2cet  2006  Q08638   BETA-GLUCOSIDASE A
2zxd  2009  Q9WYE2   ALPHA-L-FUCOSIDASE
2zwz  2009  Q9WYE2   ALPHA-L-FUCOSIDASE
2zx6  2009  Q9WYE2   ALPHA-L-FUCOSIDASE
3udh  2012  P56817   BETA-SECRETASE 1
4djv  2012  P56817   BETA-SECRETASE 1
4gid  2012  P56817   BETA-SECRETASE 1
3fk1  2009  P0A6D3   3-PHOSPHOSHIKIMATE 1-CARBOXYVINYLTRANSFERASE
2qft  2007  P0A6D3   3-PHOSPHOSHIKIMATE 1-CARBOXYVINYLTRANSFERASE
2pq9  2008  P0A6D3   3-PHOSPHOSHIKIMATE 1-CARBOXYVINYLTRANSFERASE
1f8d  2001  P03472   NEURAMINIDASE
1f8b  2001  P03472   NEURAMINIDASE
1f8c  2001  P03472   NEURAMINIDASE
1n2v  2003  P28720   QUEUINE TRNA-RIBOSYLTRANSFERASE
1r5y  2004  P28720   QUEUINE TRNA-RIBOSYLTRANSFERASE
3ge7  2009  P28720   QUEUINE TRNA-RIBOSYLTRANSFERASE
3huc  2010  Q16539   MITOGEN-ACTIVATED PROTEIN KINASE 14
3gcs  2009  Q16539   MITOGEN-ACTIVATED PROTEIN KINASE 14
3e93  2008  Q16539   MITOGEN-ACTIVATED PROTEIN KINASE 14
1q8t  2003  P00517   CAMP-DEPENDENT PROTEIN KINASE
1q8u  2003  P00517   CAMP-DEPENDENT PROTEIN KINASE
3ag9  2010  P00517   CAMP-DEPENDENT PROTEIN KINASE
3owj  2010  P68400   CASEIN KINASE II, ALPHA SUBUNIT 
2zjw  2009  P68400   CASEIN KINASE II, ALPHA SUBUNIT
3pe2  2011  P68400   CASEIN KINASE II, ALPHA SUBUNIT
2v00  2007  P11838   ENDOTHIAPEPSIN
3pww  2011  P11838   ENDOTHIAPEPSIN
3uri  2012  P11838   ENDOTHIAPEPSIN
3mfv  2010  P05089   ARGINASE-1
3f80  2008  P05089   ARGINASE-1
3kv2  2009  P05089   ARGINASE-1
2hb1  2006  P18031   PROTEIN-TYROSINE PHOSPHATASE 1B
2qbr  2008  P18031   PROTEIN-TYROSINE PHOSPHATASE 1B
2qbp  2008  P18031   PROTEIN-TYROSINE PHOSPHATASE 1B
3fcq  2009  P00800   THERMOLYSIN
1os0  2003  P00800   THERMOLYSIN
4tmn  1989  P00800   THERMOLYSIN 
3pxf  2011  P24941   CELL DIVISION PROTEIN KINASE 2
2xnb  2010  P24941   CELL DIVISION PROTEIN KINASE 2
2fvd  2006  P24941   CELL DIVISION PROTEIN KINASE 2
1qi0  2000  O85465   ENDOGLUCANASE B
1w3k  2004  O85465   ENDOGLUCANASE 5A
1w3l  2004  O85465   ENDOGLUCANASE 5A
3imc  2009  P0A5R0   PANTOTHENATE SYNTHETASE
3ivg  2009  P0A5R0   PANTOTHENATE SYNTHETASE
3coy  2008  P0A5R0   PANTOTHENATE SYNTHETASE
3b3s  2007  Q01693   LEUCYL AMINOPEPTIDASE
3b3w  2007  Q01693   LEUCYL AMINOPEPTIDASE
3vh9  2012  Q01693   LEUCYL AMINOPEPTIDASE
3mss  2010  P00520   TYROSINE-PROTEIN KINASE ABL1
3k5v  2010  P00520   TYROSINE-PROTEIN KINASE ABL1
2v7a  2007  P00519   TYROSINE-PROTEIN KINASE ABL1
2brb  2005  O14757   SERINE/THREONINE-PROTEIN KINASE CHK1
3jvs  2009  O14757   SERINE/THREONINE-PROTEIN KINASE CHK1
1nvq  2003  O14757   SERINE/THREONINE-PROTEIN KINASE CHK1
3acw  2010  A9JQL9   DEHYDROSQUALENE SYNTHASE
2zcr  2008  A9JQL9   DEHYDROSQUALENE SYNTHASE
2zcq  2008  A9JQL9   DEHYDROSQUALENE SYNTHASE
1bcu  1998  P00734   THROMBIN
1oyt  2003  P00734   THROMBIN
3utu  2012  P00734   THROMBIN
3u9q  2011  P37231   PEROXISOME PROLIFERATOR-ACTIVATED RECEPTOR GAMMA
2yfe  2012  P37231   PEROXISOME PROLIFERATOR-ACTIVATED RECEPTOR GAMMA
2p4y  2008  P37231   PEROXISOME PROLIFERATOR-ACTIVATED RECEPTOR GAMMA
3uo4  2012  O14965   SERINE/THREONINE-PROTEIN KINASE 6
2wtv  2010  O14965   SERINE/THREONINE-PROTEIN KINASE 6
3myg  2010  O14965   SERINE/THREONINE-PROTEIN KINASE 6
3kgp  2009  P00749   UROKINASE-TYPE PLASMINOGEN ACTIVATOR
1o5b  2004  P00749   UROKINASE-TYPE PLASMINOGEN ACTIVATOR
1sqa  2004  P00749   UROKINASE-TYPE PLASMINOGEN ACTIVATOR
3kwa  2010  P00918   CARBONIC ANHYDRASE 2
2weg  2009  P00918   CARBONIC ANHYDRASE 2
3dd0  2009  P00918   CARBONIC ANHYDRASE 2
2xdl  2010  P07900   HEAT SHOCK PROTEIN HSP90-ALPHA
1yc1  2005  P07900   HEAT SHOCK PROTEIN HSP90-ALPHA
2yki  2011  P07900   HEAT SHOCK PROTEIN HSP90-ALPHA
1p1q  2003  P19491   GLUTAMATE RECEPTOR 2
3bfu  2008  P19491   GLUTAMATE RECEPTOR 2
4g8m  2012  P19491   GLUTAMATE RECEPTOR 2
3g2z  2009  Q9L5C8   BETA-LACTAMASE
4de2  2012  Q9L5C8   BETA-LACTAMASE
4de1  2012  Q9L5C8   BETA-LACTAMASE
1vso  2007  P22756   GLUTAMATE RECEPTOR, IONOTROPIC KAINATE 1
3gbb  2009  P22756   GLUTAMATE RECEPTOR, IONOTROPIC KAINATE 1
3fv1  2010  P39086   GLUTAMATE RECEPTOR, IONOTROPIC KAINATE 1
2y5h  2011  P00742   COAGULATION FACTOR XA
2xbv  2010  P00742   COAGULATION FACTOR XA
1mq6  2003  P00742   COAGULATION FACTOR XA
1loq  2002  O26232   OROTIDINE 5'-MONOPHOSPHATE DECARBOXYLASE
1lol  2002  O26232   OROTIDINE 5'-MONOPHOSPHATE DECARBOXYLASE
1lor  2002  O26232   OROTIDINE 5'-MONOPHOSPHATE DECARBOXYLASE
1uto  2004  P00760   TRYPSIN BETA
3gy4  2010  P00760   TRYPSIN BETA
1o3f  2003  P00760   TRYPSIN BETA
2yge  2011  P02829   HEAT SHOCK PROTEIN HSP82
2iwx  2006  P02829   HEAT SHOCK PROTEIN HSP82
2vw5  2008  P02829   HEAT SHOCK PROTEIN HSP82
2ymd  2012  Q8WSF8   ACETYLCHOLINE RECEPTOR
2xys  2011  Q8WSF8   ACETYLCHOLINE RECEPTOR
2x00  2010  Q8WSF8   ACETYLCHOLINE RECEPTOR
2r23  2008  Q52L64   ANTIBODY FAB FRAGMENT
3bpc  2009  -----   ANTIBODY FAB FRAGMENT
1kel  1996  P01868   ANTIBODY FAB FRAGMENT
3ozt  2011  P22734   CATECHOL O-METHYLTRANSFERASE
3oe5  2011  P22734   CATECHOL O-METHYLTRANSFERASE
3nw9  2011  P22734   CATECHOL O-METHYLTRANSFERASE
1zea  2006  A2NHM3   ANTIBODY FAB FRAGMENT
2pcp  1999  -----   ANTIBODY FAB FRAGMENT 
1igj  1993  -----   ANTIBODY FAB FRAGMENT
1lbk  2002  P09211   GLUTATHIONE S-TRANSFERASE P1-1 
2gss  1997  P09211   GLUTATHIONE S-TRANSFERASE P1-1
10gs  1998  P09211   GLUTATHIONE S-TRANSFERASE P1-1
3su5  2012  A8DG50   NS3/4A PROTEASE
3su2  2012  A8DG50   NS3/4A PROTEASE 
3su3  2012  A8DG50   NS3/4A PROTEASE
3n7a  2011  P0A4Z6   3-DEHYDROQUINATE DEHYDRATASE
3n86  2011  P0A4Z6   3-DEHYDROQUINATE DEHYDRATASE
2xb8  2010  P0A4Z6   3-DEHYDROQUINATE DEHYDRATASE
3ao4  2011  Q72498   HIV-1 INTEGRASE 
3zsx  2012  Q76353   HIV-1 INTEGRASE
3zso  2012  Q76353   HIV-1 INTEGRASE
3nq3  2010  P02754   BETA-LACTOGLOBULIN
3ueu  2011  P02754   BETA-LACTOGLOBULIN
3uex  2011  P02754   BETA-LACTOGLOBULIN
3lka  2010  P39900   MACROPHAGE METALLOELASTASE (MMP-12)
3ehy  2009  P39900   MACROPHAGE METALLOELASTASE (MMP-12)
3f17  2008  P39900   MACROPHAGE METALLOELASTASE (MMP-12)
3cft  2009  P02766   TRANSTHYRETIN
4des  2012  P02766   TRANSTHYRETIN
4dew  2012  P02766   TRANSTHYRETIN
3dxg  2009  P61823   RIBONUCLEASE A
1w4o  2005  P61823   RIBONUCLEASE A
1u1b  2005  P61823   RIBONUCLEASE A
3ov1  2011  P62993   GROWTH FACTOR RECEPTOR-BOUND PROTEIN 2
3s8o  2011  P62993   GROWTH FACTOR RECEPTOR-BOUND PROTEIN 2
1jyq  2002  P62993   GROWTH FACTOR RECEPTOR BOUND PROTEIN 2
1a30  1998  P04585   HIV-1 PROTEASE
3cyx  2008  P04587   HIV-1 PROTEASE
4djr  2012  Q90K99   HIV-1 PROTEASE
3i3b  2010  P00722   BETA-GALACTOSIDASE
3muz  2011  P00722   BETA-GALACTOSIDASE
3vd4  2012  P00722   BETA-GALACTOSIDASE
2vo5  2008  Q8AAK6   BETA-MANNOSIDASE
2vl4  2008  Q8AAK6   BETA-MANNOSIDASE
2vot  2008  Q8AAK6   BETA-MANNOSIDASE
1n1m  2002  P27487   DIPEPTIDYL PEPTIDASE 4 
2ole  2008  P27487   DIPEPTIDYL PEPTIDASE 4
3nox  2010  P27487   DIPEPTIDYL-PEPTIDASE 4
1hnn  2001  P11086   PHENYLETHANOLAMINE N-METHYLTRANSFERASE
2g70  2007  P11086   PHENYLETHANOLAMINE N-METHYLTRANSFERASE
2obf  2007  P11086   PHENYLETHANOLAMINE N-METHYLTRANSFERASE
1z95  2005  P10275   ANDROGEN RECEPTOR
3b68  2008  P10275   ANDROGEN RECEPTOR
3g0w  2009  P15207   ANDROGEN RECEPTOR
1sln  1996  P08254   STROMELYSIN-1
2d1o  2006  P08254   STROMELYSIN-1
1hfs  1998  P08254   STROMELYSIN-1
2jdy  2007  Q9HYN5   FUCOSE-BINDING LECTIN PA-IIL
2jdm  2007  Q9HYN5   FUCOSE-BINDING LECTIN PA-IIL
2jdu  2007  Q9HYN5   FUCOSE-BINDING LECTIN PA-IIL
